<?xml version="1.0" encoding="UTF-8"?>
<robot generator="Rebot 3.2.1 (Python 3.8.2 on darwin)" generated="20210111 00:27:16.443" rpa="false">
<suite id="s1" name="Test2" source="/Users/giauthe/Documents/Pythonn Practice/test2.robot">
<test id="s1-t1" name="tc_1">
<kw name="Open Browser" library="Selenium2Library">
<doc>Opens a new browser instance to the optional ``url``.</doc>
<arguments>
<arg>https://google.com.vn</arg>
<arg>${webdriver}</arg>
</arguments>
<msg timestamp="20210111 00:27:13.762" level="TRACE">Arguments: [ 'https://google.com.vn' | 'headlesschrome' ]</msg>
<msg timestamp="20210111 00:27:13.762" level="INFO">Opening browser 'headlesschrome' to base url 'https://google.com.vn'.</msg>
<msg timestamp="20210111 00:27:14.779" level="DEBUG">POST http://127.0.0.1:61649/session {"capabilities": {"firstMatch": [{}], "alwaysMatch": {"browserName": "chrome", "platformName": "any", "goog:chromeOptions": {"extensions": [], "args": ["--headless"]}}}, "desiredCapabilities": {"browserName": "chrome", "version": "", "platform": "ANY", "goog:chromeOptions": {"extensions": [], "args": ["--headless"]}}}</msg>
<msg timestamp="20210111 00:27:14.779" level="DEBUG">Starting new HTTP connection (1): 127.0.0.1:61649</msg>
<msg timestamp="20210111 00:27:15.006" level="DEBUG">http://127.0.0.1:61649 "POST /session HTTP/1.1" 200 687</msg>
<msg timestamp="20210111 00:27:15.007" level="DEBUG">Finished Request</msg>
<msg timestamp="20210111 00:27:15.007" level="DEBUG">POST http://127.0.0.1:61649/session/9b100f8fffa3668d9846e6de07308a69/timeouts {"script": 5000}</msg>
<msg timestamp="20210111 00:27:15.008" level="DEBUG">http://127.0.0.1:61649 "POST /session/9b100f8fffa3668d9846e6de07308a69/timeouts HTTP/1.1" 200 14</msg>
<msg timestamp="20210111 00:27:15.008" level="DEBUG">Finished Request</msg>
<msg timestamp="20210111 00:27:15.008" level="DEBUG">POST http://127.0.0.1:61649/session/9b100f8fffa3668d9846e6de07308a69/timeouts {"implicit": 0}</msg>
<msg timestamp="20210111 00:27:15.009" level="DEBUG">http://127.0.0.1:61649 "POST /session/9b100f8fffa3668d9846e6de07308a69/timeouts HTTP/1.1" 200 14</msg>
<msg timestamp="20210111 00:27:15.009" level="DEBUG">Finished Request</msg>
<msg timestamp="20210111 00:27:15.009" level="DEBUG">POST http://127.0.0.1:61649/session/9b100f8fffa3668d9846e6de07308a69/url {"url": "https://google.com.vn"}</msg>
<msg timestamp="20210111 00:27:16.165" level="DEBUG">http://127.0.0.1:61649 "POST /session/9b100f8fffa3668d9846e6de07308a69/url HTTP/1.1" 200 14</msg>
<msg timestamp="20210111 00:27:16.165" level="DEBUG">Finished Request</msg>
<msg timestamp="20210111 00:27:16.165" level="DEBUG">Opened browser with session id 9b100f8fffa3668d9846e6de07308a69.</msg>
<msg timestamp="20210111 00:27:16.165" level="TRACE">Return: 1</msg>
<status status="PASS" starttime="20210111 00:27:13.762" endtime="20210111 00:27:16.165"></status>
</kw>
<kw name="Log To Console" library="BuiltIn">
<doc>Logs the given message to the console.</doc>
<arguments>
<arg>222222</arg>
</arguments>
<msg timestamp="20210111 00:27:16.166" level="TRACE">Arguments: [ '222222' ]</msg>
<msg timestamp="20210111 00:27:16.166" level="TRACE">Return: None</msg>
<status status="PASS" starttime="20210111 00:27:16.166" endtime="20210111 00:27:16.166"></status>
</kw>
<status status="PASS" starttime="20210111 00:27:13.761" endtime="20210111 00:27:16.166" critical="yes"></status>
</test>
<test id="s1-t2" name="tc_2">
<kw name="Log To Console" library="BuiltIn">
<doc>Logs the given message to the console.</doc>
<arguments>
<arg>111111</arg>
</arguments>
<msg timestamp="20210111 00:27:16.167" level="TRACE">Arguments: [ '111111' ]</msg>
<msg timestamp="20210111 00:27:16.168" level="TRACE">Return: None</msg>
<status status="PASS" starttime="20210111 00:27:16.167" endtime="20210111 00:27:16.168"></status>
</kw>
<kw name="Log To Console" library="BuiltIn">
<doc>Logs the given message to the console.</doc>
<arguments>
<arg>222222</arg>
</arguments>
<msg timestamp="20210111 00:27:16.168" level="TRACE">Arguments: [ '222222' ]</msg>
<msg timestamp="20210111 00:27:16.168" level="TRACE">Return: None</msg>
<status status="PASS" starttime="20210111 00:27:16.168" endtime="20210111 00:27:16.168"></status>
</kw>
<status status="PASS" starttime="20210111 00:27:16.167" endtime="20210111 00:27:16.168" critical="yes"></status>
</test>
<test id="s1-t3" name="tc_3">
<kw name="Log To Console" library="BuiltIn">
<doc>Logs the given message to the console.</doc>
<arguments>
<arg>111111</arg>
</arguments>
<msg timestamp="20210111 00:27:16.169" level="TRACE">Arguments: [ '111111' ]</msg>
<msg timestamp="20210111 00:27:16.169" level="TRACE">Return: None</msg>
<status status="PASS" starttime="20210111 00:27:16.169" endtime="20210111 00:27:16.169"></status>
</kw>
<kw name="Log To Console" library="BuiltIn">
<doc>Logs the given message to the console.</doc>
<arguments>
<arg>222222</arg>
</arguments>
<msg timestamp="20210111 00:27:16.169" level="TRACE">Arguments: [ '222222' ]</msg>
<msg timestamp="20210111 00:27:16.169" level="TRACE">Return: None</msg>
<status status="PASS" starttime="20210111 00:27:16.169" endtime="20210111 00:27:16.169"></status>
</kw>
<status status="PASS" starttime="20210111 00:27:16.168" endtime="20210111 00:27:16.170" critical="yes"></status>
</test>
<doc>[https://pabot.org/?ref=log|Pabot] result from 1 executions.</doc>
<status status="PASS" starttime="20210111 00:27:13.608" endtime="20210111 00:27:16.170"></status>
</suite>
<statistics>
<total>
<stat pass="3" fail="0">Critical Tests</stat>
<stat pass="3" fail="0">All Tests</stat>
</total>
<tag>
</tag>
<suite>
<stat pass="3" fail="0" id="s1" name="Test2">Test2</stat>
</suite>
</statistics>
<errors>
</errors>
</robot>
